<?xml version="1.0" encoding="UTF-8"?>
<coverage generated="1508382205350" clover="3.2.0">
  <project timestamp="1508382205350" name="All files">
    <metrics statements="83" coveredstatements="58" conditionals="26" coveredconditionals="4" methods="21" coveredmethods="10" elements="130" coveredelements="72" complexity="0" loc="83" ncloc="83" packages="1" files="1" classes="1">
      <file name="Timetrap.js" path="/home/karl/Projects/timetrap_tui/dev_cycles/phase2.0/Timetrap.js">
        <metrics statements="83" coveredstatements="58" conditionals="26" coveredconditionals="4" methods="21" coveredmethods="10"/>
        <line num="6" count="1" type="stmt"/>
        <line num="9" count="1" type="stmt"/>
        <line num="10" count="1" type="stmt"/>
        <line num="11" count="1" type="stmt"/>
        <line num="17" count="2" type="stmt"/>
        <line num="18" count="2" type="stmt"/>
        <line num="19" count="2" type="stmt"/>
        <line num="20" count="2" type="stmt"/>
        <line num="25" count="1" type="stmt"/>
        <line num="34" count="5" type="stmt"/>
        <line num="37" count="5" type="stmt"/>
        <line num="45" count="5" type="stmt"/>
        <line num="49" count="5" type="stmt"/>
        <line num="50" count="5" type="stmt"/>
        <line num="58" count="1" type="stmt"/>
        <line num="59" count="5" type="stmt"/>
        <line num="73" count="1" type="stmt"/>
        <line num="74" count="5" type="stmt"/>
        <line num="82" count="5" type="stmt"/>
        <line num="91" count="2" type="stmt"/>
        <line num="100" count="1" type="stmt"/>
        <line num="109" count="1" type="stmt"/>
        <line num="121" count="1" type="stmt"/>
        <line num="137" count="1" type="stmt"/>
        <line num="146" count="1" type="stmt"/>
        <line num="155" count="1" type="stmt"/>
        <line num="165" count="1" type="stmt"/>
        <line num="174" count="1" type="stmt"/>
        <line num="188" count="1" type="stmt"/>
        <line num="197" count="1" type="stmt"/>
        <line num="207" count="1" type="stmt"/>
        <line num="222" count="11" type="stmt"/>
        <line num="231" count="1" type="cond" truecount="0" falsecount="4"/>
        <line num="235" count="0" type="stmt"/>
        <line num="237" count="0" type="stmt"/>
        <line num="243" count="0" type="stmt"/>
        <line num="246" count="0" type="cond" truecount="0" falsecount="2"/>
        <line num="247" count="0" type="stmt"/>
        <line num="250" count="0" type="stmt"/>
        <line num="254" count="0" type="cond" truecount="0" falsecount="4"/>
        <line num="258" count="0" type="stmt"/>
        <line num="264" count="0" type="cond" truecount="0" falsecount="2"/>
        <line num="267" count="0" type="stmt"/>
        <line num="273" count="0" type="stmt"/>
        <line num="279" count="0" type="stmt"/>
        <line num="284" count="0" type="stmt"/>
        <line num="289" count="0" type="stmt"/>
        <line num="295" count="0" type="stmt"/>
        <line num="300" count="1" type="cond" truecount="0" falsecount="1"/>
        <line num="306" count="2" type="stmt"/>
        <line num="308" count="2" type="stmt"/>
        <line num="316" count="2" type="stmt"/>
        <line num="317" count="2" type="stmt"/>
        <line num="318" count="2" type="stmt"/>
        <line num="321" count="2" type="stmt"/>
        <line num="328" count="2" type="stmt"/>
        <line num="331" count="2" type="stmt"/>
        <line num="332" count="0" type="stmt"/>
        <line num="335" count="2" type="stmt"/>
        <line num="336" count="2" type="stmt"/>
        <line num="339" count="2" type="stmt"/>
        <line num="340" count="2" type="stmt"/>
        <line num="342" count="2" type="stmt"/>
        <line num="343" count="2" type="stmt"/>
        <line num="344" count="2" type="stmt"/>
        <line num="345" count="2" type="stmt"/>
        <line num="350" count="1" type="stmt"/>
        <line num="353" count="0" type="stmt"/>
        <line num="355" count="0" type="stmt"/>
        <line num="358" count="0" type="stmt"/>
        <line num="360" count="0" type="stmt"/>
        <line num="362" count="0" type="cond" truecount="0" falsecount="2"/>
        <line num="365" count="0" type="stmt"/>
        <line num="368" count="0" type="cond" truecount="0" falsecount="2"/>
        <line num="375" count="0" type="stmt"/>
        <line num="376" count="0" type="stmt"/>
        <line num="384" count="1" type="stmt"/>
        <line num="386" count="1" type="cond" truecount="1" falsecount="1"/>
        <line num="388" count="1" type="stmt"/>
        <line num="389" count="1" type="stmt"/>
        <line num="390" count="1" type="stmt"/>
        <line num="391" count="1" type="stmt"/>
        <line num="394" count="1" type="stmt"/>
      </file>
    </metrics>
  </project>
</coverage>
