{"/home/karl/Projects/timetrap_tui/dev_cycles/phase2.0/Timetrap.js": {"path":"/home/karl/Projects/timetrap_tui/dev_cycles/phase2.0/Timetrap.js","statementMap":{"0":{"start":{"line":6,"column":11},"end":{"line":6,"column":26}},"1":{"start":{"line":9,"column":16},"end":{"line":9,"column":40}},"2":{"start":{"line":15,"column":2},"end":{"line":15,"column":39}},"3":{"start":{"line":16,"column":2},"end":{"line":16,"column":17}},"4":{"start":{"line":17,"column":2},"end":{"line":17,"column":36}},"5":{"start":{"line":18,"column":2},"end":{"line":18,"column":50}},"6":{"start":{"line":23,"column":23},"end":{"line":23,"column":53}},"7":{"start":{"line":29,"column":2},"end":{"line":29,"column":10}},"8":{"start":{"line":32,"column":2},"end":{"line":34,"column":4}},"9":{"start":{"line":35,"column":2},"end":{"line":36,"column":4}},"10":{"start":{"line":37,"column":2},"end":{"line":37,"column":30}},"11":{"start":{"line":41,"column":0},"end":{"line":165,"column":1}},"12":{"start":{"line":42,"column":1},"end":{"line":164,"column":3}},"13":{"start":{"line":49,"column":17},"end":{"line":49,"column":40}},"14":{"start":{"line":57,"column":17},"end":{"line":57,"column":40}},"15":{"start":{"line":65,"column":17},"end":{"line":65,"column":40}},"16":{"start":{"line":73,"column":17},"end":{"line":73,"column":40}},"17":{"start":{"line":84,"column":17},"end":{"line":84,"column":40}},"18":{"start":{"line":99,"column":17},"end":{"line":99,"column":40}},"19":{"start":{"line":107,"column":17},"end":{"line":107,"column":40}},"20":{"start":{"line":115,"column":17},"end":{"line":115,"column":40}},"21":{"start":{"line":124,"column":17},"end":{"line":124,"column":40}},"22":{"start":{"line":132,"column":17},"end":{"line":132,"column":40}},"23":{"start":{"line":145,"column":17},"end":{"line":145,"column":40}},"24":{"start":{"line":153,"column":17},"end":{"line":153,"column":40}},"25":{"start":{"line":162,"column":17},"end":{"line":162,"column":40}},"26":{"start":{"line":167,"column":0},"end":{"line":234,"column":1}},"27":{"start":{"line":171,"column":13},"end":{"line":171,"column":17}},"28":{"start":{"line":173,"column":12},"end":{"line":177,"column":2}},"29":{"start":{"line":179,"column":12},"end":{"line":179,"column":14}},"30":{"start":{"line":182,"column":1},"end":{"line":187,"column":2}},"31":{"start":{"line":183,"column":2},"end":{"line":183,"column":103}},"32":{"start":{"line":186,"column":2},"end":{"line":186,"column":63}},"33":{"start":{"line":190,"column":1},"end":{"line":195,"column":2}},"34":{"start":{"line":194,"column":2},"end":{"line":194,"column":24}},"35":{"start":{"line":200,"column":1},"end":{"line":233,"column":2}},"36":{"start":{"line":203,"column":2},"end":{"line":221,"column":6}},"37":{"start":{"line":209,"column":4},"end":{"line":217,"column":8}},"38":{"start":{"line":215,"column":6},"end":{"line":215,"column":82}},"39":{"start":{"line":220,"column":4},"end":{"line":220,"column":73}},"40":{"start":{"line":225,"column":2},"end":{"line":232,"column":6}},"41":{"start":{"line":231,"column":4},"end":{"line":231,"column":80}},"42":{"start":{"line":236,"column":0},"end":{"line":287,"column":1}},"43":{"start":{"line":242,"column":13},"end":{"line":242,"column":17}},"44":{"start":{"line":244,"column":12},"end":{"line":249,"column":2}},"45":{"start":{"line":250,"column":14},"end":{"line":257,"column":2}},"46":{"start":{"line":260,"column":1},"end":{"line":286,"column":4}},"47":{"start":{"line":267,"column":14},"end":{"line":268,"column":41}},"48":{"start":{"line":270,"column":2},"end":{"line":272,"column":5}},"49":{"start":{"line":271,"column":3},"end":{"line":271,"column":29}},"50":{"start":{"line":274,"column":2},"end":{"line":276,"column":5}},"51":{"start":{"line":275,"column":3},"end":{"line":275,"column":29}},"52":{"start":{"line":278,"column":2},"end":{"line":280,"column":5}},"53":{"start":{"line":279,"column":3},"end":{"line":279,"column":19}},"54":{"start":{"line":281,"column":2},"end":{"line":285,"column":4}},"55":{"start":{"line":282,"column":3},"end":{"line":282,"column":22}},"56":{"start":{"line":283,"column":3},"end":{"line":283,"column":26}},"57":{"start":{"line":284,"column":3},"end":{"line":284,"column":18}},"58":{"start":{"line":289,"column":0},"end":{"line":289,"column":44}}},"fnMap":{"0":{"name":"(anonymous_0)","decl":{"start":{"line":14,"column":1},"end":{"line":14,"column":2}},"loc":{"start":{"line":14,"column":21},"end":{"line":19,"column":2}},"line":14},"1":{"name":"(anonymous_1)","decl":{"start":{"line":27,"column":1},"end":{"line":27,"column":2}},"loc":{"start":{"line":28,"column":7},"end":{"line":38,"column":2}},"line":28},"2":{"name":"(anonymous_2)","decl":{"start":{"line":41,"column":42},"end":{"line":41,"column":43}},"loc":{"start":{"line":41,"column":56},"end":{"line":165,"column":1}},"line":41},"3":{"name":"(anonymous_3)","decl":{"start":{"line":167,"column":33},"end":{"line":167,"column":34}},"loc":{"start":{"line":167,"column":99},"end":{"line":234,"column":1}},"line":167},"4":{"name":"(anonymous_4)","decl":{"start":{"line":205,"column":50},"end":{"line":205,"column":51}},"loc":{"start":{"line":205,"column":66},"end":{"line":218,"column":4}},"line":205},"5":{"name":"(anonymous_5)","decl":{"start":{"line":210,"column":60},"end":{"line":210,"column":61}},"loc":{"start":{"line":210,"column":76},"end":{"line":213,"column":6}},"line":210},"6":{"name":"(anonymous_6)","decl":{"start":{"line":213,"column":8},"end":{"line":213,"column":9}},"loc":{"start":{"line":213,"column":21},"end":{"line":217,"column":6}},"line":213},"7":{"name":"(anonymous_7)","decl":{"start":{"line":218,"column":6},"end":{"line":218,"column":7}},"loc":{"start":{"line":218,"column":19},"end":{"line":221,"column":4}},"line":218},"8":{"name":"(anonymous_8)","decl":{"start":{"line":226,"column":58},"end":{"line":226,"column":59}},"loc":{"start":{"line":226,"column":74},"end":{"line":229,"column":4}},"line":226},"9":{"name":"(anonymous_9)","decl":{"start":{"line":229,"column":6},"end":{"line":229,"column":7}},"loc":{"start":{"line":229,"column":19},"end":{"line":232,"column":4}},"line":229},"10":{"name":"(anonymous_10)","decl":{"start":{"line":236,"column":35},"end":{"line":236,"column":36}},"loc":{"start":{"line":240,"column":0},"end":{"line":287,"column":1}},"line":240},"11":{"name":"(anonymous_11)","decl":{"start":{"line":260,"column":20},"end":{"line":260,"column":21}},"loc":{"start":{"line":260,"column":45},"end":{"line":286,"column":2}},"line":260},"12":{"name":"(anonymous_12)","decl":{"start":{"line":270,"column":24},"end":{"line":270,"column":25}},"loc":{"start":{"line":270,"column":34},"end":{"line":272,"column":3}},"line":270},"13":{"name":"(anonymous_13)","decl":{"start":{"line":274,"column":24},"end":{"line":274,"column":25}},"loc":{"start":{"line":274,"column":34},"end":{"line":276,"column":3}},"line":274},"14":{"name":"(anonymous_14)","decl":{"start":{"line":278,"column":20},"end":{"line":278,"column":21}},"loc":{"start":{"line":278,"column":31},"end":{"line":280,"column":3}},"line":278},"15":{"name":"(anonymous_15)","decl":{"start":{"line":281,"column":18},"end":{"line":281,"column":19}},"loc":{"start":{"line":281,"column":36},"end":{"line":285,"column":3}},"line":281}},"branchMap":{"0":{"loc":{"start":{"line":27,"column":13},"end":{"line":28,"column":6}},"type":"default-arg","locations":[{"start":{"line":28,"column":4},"end":{"line":28,"column":6}}],"line":27},"1":{"loc":{"start":{"line":27,"column":14},"end":{"line":27,"column":40}},"type":"default-arg","locations":[{"start":{"line":27,"column":34},"end":{"line":27,"column":40}}],"line":27},"2":{"loc":{"start":{"line":167,"column":42},"end":{"line":167,"column":97}},"type":"default-arg","locations":[{"start":{"line":167,"column":95},"end":{"line":167,"column":97}}],"line":167},"3":{"loc":{"start":{"line":167,"column":43},"end":{"line":167,"column":59}},"type":"default-arg","locations":[{"start":{"line":167,"column":50},"end":{"line":167,"column":59}}],"line":167},"4":{"loc":{"start":{"line":167,"column":61},"end":{"line":167,"column":78}},"type":"default-arg","locations":[{"start":{"line":167,"column":69},"end":{"line":167,"column":78}}],"line":167},"5":{"loc":{"start":{"line":167,"column":80},"end":{"line":167,"column":92}},"type":"default-arg","locations":[{"start":{"line":167,"column":90},"end":{"line":167,"column":92}}],"line":167},"6":{"loc":{"start":{"line":182,"column":1},"end":{"line":187,"column":2}},"type":"if","locations":[{"start":{"line":182,"column":1},"end":{"line":187,"column":2}},{"start":{"line":182,"column":1},"end":{"line":187,"column":2}}],"line":182},"7":{"loc":{"start":{"line":190,"column":1},"end":{"line":195,"column":2}},"type":"if","locations":[{"start":{"line":190,"column":1},"end":{"line":195,"column":2}},{"start":{"line":190,"column":1},"end":{"line":195,"column":2}}],"line":190},"8":{"loc":{"start":{"line":190,"column":5},"end":{"line":191,"column":34}},"type":"binary-expr","locations":[{"start":{"line":190,"column":6},"end":{"line":190,"column":30}},{"start":{"line":191,"column":6},"end":{"line":191,"column":33}}],"line":190},"9":{"loc":{"start":{"line":200,"column":1},"end":{"line":233,"column":2}},"type":"if","locations":[{"start":{"line":200,"column":1},"end":{"line":233,"column":2}},{"start":{"line":200,"column":1},"end":{"line":233,"column":2}}],"line":200},"10":{"loc":{"start":{"line":236,"column":44},"end":{"line":239,"column":22}},"type":"default-arg","locations":[{"start":{"line":239,"column":20},"end":{"line":239,"column":22}}],"line":236},"11":{"loc":{"start":{"line":237,"column":1},"end":{"line":237,"column":46}},"type":"default-arg","locations":[{"start":{"line":237,"column":11},"end":{"line":237,"column":46}}],"line":237},"12":{"loc":{"start":{"line":238,"column":1},"end":{"line":238,"column":28}},"type":"default-arg","locations":[{"start":{"line":238,"column":8},"end":{"line":238,"column":28}}],"line":238},"13":{"loc":{"start":{"line":238,"column":30},"end":{"line":238,"column":47}},"type":"default-arg","locations":[{"start":{"line":238,"column":38},"end":{"line":238,"column":47}}],"line":238},"14":{"loc":{"start":{"line":239,"column":1},"end":{"line":239,"column":17}},"type":"default-arg","locations":[{"start":{"line":239,"column":8},"end":{"line":239,"column":17}}],"line":239}},"s":{"0":1,"1":1,"2":2,"3":2,"4":2,"5":2,"6":1,"7":3,"8":3,"9":3,"10":3,"11":1,"12":3,"13":3,"14":2,"15":1,"16":1,"17":1,"18":1,"19":1,"20":1,"21":1,"22":1,"23":1,"24":1,"25":1,"26":1,"27":0,"28":0,"29":0,"30":0,"31":0,"32":0,"33":0,"34":0,"35":0,"36":0,"37":0,"38":0,"39":0,"40":0,"41":0,"42":1,"43":1,"44":1,"45":1,"46":1,"47":1,"48":1,"49":0,"50":1,"51":1,"52":1,"53":1,"54":1,"55":1,"56":1,"57":1,"58":1},"f":{"0":2,"1":3,"2":3,"3":0,"4":0,"5":0,"6":0,"7":0,"8":0,"9":0,"10":1,"11":1,"12":0,"13":1,"14":1,"15":1},"b":{"0":[0],"1":[3],"2":[0],"3":[0],"4":[0],"5":[0],"6":[0,0],"7":[0,0],"8":[0,0],"9":[0,0],"10":[0],"11":[1],"12":[0],"13":[0],"14":[0]},"_coverageSchema":"332fd63041d2c1bcb487cc26dd0d5f7d97098a6c","hash":"a6fa40f42ffc46f814a94add2ba875557853e17f"}
}
