{"/home/karl/Projects/timetrap_tui/dev_cycles/phase2.0/Timetrap.js": {"path":"/home/karl/Projects/timetrap_tui/dev_cycles/phase2.0/Timetrap.js","statementMap":{"0":{"start":{"line":6,"column":11},"end":{"line":6,"column":26}},"1":{"start":{"line":9,"column":16},"end":{"line":9,"column":40}},"2":{"start":{"line":15,"column":2},"end":{"line":15,"column":39}},"3":{"start":{"line":16,"column":2},"end":{"line":16,"column":17}},"4":{"start":{"line":17,"column":2},"end":{"line":17,"column":36}},"5":{"start":{"line":18,"column":2},"end":{"line":18,"column":50}},"6":{"start":{"line":23,"column":23},"end":{"line":23,"column":53}},"7":{"start":{"line":33,"column":2},"end":{"line":33,"column":10}},"8":{"start":{"line":36,"column":2},"end":{"line":39,"column":4}},"9":{"start":{"line":40,"column":2},"end":{"line":41,"column":4}},"10":{"start":{"line":42,"column":2},"end":{"line":42,"column":30}},"11":{"start":{"line":46,"column":0},"end":{"line":54,"column":1}},"12":{"start":{"line":47,"column":1},"end":{"line":53,"column":3}},"13":{"start":{"line":57,"column":0},"end":{"line":191,"column":1}},"14":{"start":{"line":58,"column":1},"end":{"line":190,"column":3}},"15":{"start":{"line":65,"column":17},"end":{"line":65,"column":40}},"16":{"start":{"line":73,"column":17},"end":{"line":73,"column":40}},"17":{"start":{"line":81,"column":17},"end":{"line":81,"column":40}},"18":{"start":{"line":89,"column":17},"end":{"line":89,"column":40}},"19":{"start":{"line":100,"column":17},"end":{"line":100,"column":40}},"20":{"start":{"line":115,"column":17},"end":{"line":115,"column":40}},"21":{"start":{"line":123,"column":17},"end":{"line":123,"column":40}},"22":{"start":{"line":131,"column":17},"end":{"line":131,"column":40}},"23":{"start":{"line":140,"column":17},"end":{"line":140,"column":40}},"24":{"start":{"line":148,"column":17},"end":{"line":148,"column":40}},"25":{"start":{"line":161,"column":17},"end":{"line":161,"column":40}},"26":{"start":{"line":169,"column":17},"end":{"line":169,"column":40}},"27":{"start":{"line":178,"column":17},"end":{"line":178,"column":40}},"28":{"start":{"line":193,"column":0},"end":{"line":260,"column":1}},"29":{"start":{"line":197,"column":13},"end":{"line":197,"column":17}},"30":{"start":{"line":199,"column":12},"end":{"line":203,"column":2}},"31":{"start":{"line":205,"column":12},"end":{"line":205,"column":14}},"32":{"start":{"line":208,"column":1},"end":{"line":213,"column":2}},"33":{"start":{"line":209,"column":2},"end":{"line":209,"column":103}},"34":{"start":{"line":212,"column":2},"end":{"line":212,"column":63}},"35":{"start":{"line":216,"column":1},"end":{"line":221,"column":2}},"36":{"start":{"line":220,"column":2},"end":{"line":220,"column":24}},"37":{"start":{"line":226,"column":1},"end":{"line":259,"column":2}},"38":{"start":{"line":229,"column":2},"end":{"line":247,"column":6}},"39":{"start":{"line":235,"column":4},"end":{"line":243,"column":8}},"40":{"start":{"line":241,"column":6},"end":{"line":241,"column":82}},"41":{"start":{"line":246,"column":4},"end":{"line":246,"column":73}},"42":{"start":{"line":251,"column":2},"end":{"line":258,"column":6}},"43":{"start":{"line":257,"column":4},"end":{"line":257,"column":80}},"44":{"start":{"line":262,"column":0},"end":{"line":316,"column":1}},"45":{"start":{"line":268,"column":13},"end":{"line":268,"column":17}},"46":{"start":{"line":270,"column":12},"end":{"line":275,"column":2}},"47":{"start":{"line":286,"column":14},"end":{"line":286,"column":58}},"48":{"start":{"line":289,"column":1},"end":{"line":315,"column":4}},"49":{"start":{"line":296,"column":14},"end":{"line":297,"column":41}},"50":{"start":{"line":299,"column":2},"end":{"line":301,"column":5}},"51":{"start":{"line":300,"column":3},"end":{"line":300,"column":29}},"52":{"start":{"line":303,"column":2},"end":{"line":305,"column":5}},"53":{"start":{"line":304,"column":3},"end":{"line":304,"column":29}},"54":{"start":{"line":307,"column":2},"end":{"line":309,"column":5}},"55":{"start":{"line":308,"column":3},"end":{"line":308,"column":19}},"56":{"start":{"line":310,"column":2},"end":{"line":314,"column":4}},"57":{"start":{"line":311,"column":3},"end":{"line":311,"column":22}},"58":{"start":{"line":312,"column":3},"end":{"line":312,"column":26}},"59":{"start":{"line":313,"column":3},"end":{"line":313,"column":18}},"60":{"start":{"line":318,"column":0},"end":{"line":348,"column":1}},"61":{"start":{"line":323,"column":4},"end":{"line":323,"column":19}},"62":{"start":{"line":324,"column":4},"end":{"line":324,"column":57}},"63":{"start":{"line":326,"column":4},"end":{"line":347,"column":7}},"64":{"start":{"line":328,"column":8},"end":{"line":345,"column":9}},"65":{"start":{"line":332,"column":12},"end":{"line":332,"column":26}},"66":{"start":{"line":335,"column":12},"end":{"line":344,"column":13}},"67":{"start":{"line":340,"column":16},"end":{"line":342,"column":25}},"68":{"start":{"line":341,"column":20},"end":{"line":341,"column":51}},"69":{"start":{"line":349,"column":0},"end":{"line":355,"column":1}},"70":{"start":{"line":350,"column":4},"end":{"line":354,"column":5}},"71":{"start":{"line":351,"column":8},"end":{"line":351,"column":31}},"72":{"start":{"line":353,"column":8},"end":{"line":353,"column":21}},"73":{"start":{"line":356,"column":0},"end":{"line":356,"column":44}}},"fnMap":{"0":{"name":"(anonymous_0)","decl":{"start":{"line":14,"column":1},"end":{"line":14,"column":2}},"loc":{"start":{"line":14,"column":21},"end":{"line":19,"column":2}},"line":14},"1":{"name":"(anonymous_1)","decl":{"start":{"line":27,"column":1},"end":{"line":27,"column":2}},"loc":{"start":{"line":30,"column":7},"end":{"line":43,"column":2}},"line":30},"2":{"name":"(anonymous_2)","decl":{"start":{"line":46,"column":40},"end":{"line":46,"column":41}},"loc":{"start":{"line":46,"column":50},"end":{"line":54,"column":1}},"line":46},"3":{"name":"(anonymous_3)","decl":{"start":{"line":57,"column":42},"end":{"line":57,"column":43}},"loc":{"start":{"line":57,"column":52},"end":{"line":191,"column":1}},"line":57},"4":{"name":"(anonymous_4)","decl":{"start":{"line":193,"column":33},"end":{"line":193,"column":34}},"loc":{"start":{"line":193,"column":99},"end":{"line":260,"column":1}},"line":193},"5":{"name":"(anonymous_5)","decl":{"start":{"line":231,"column":50},"end":{"line":231,"column":51}},"loc":{"start":{"line":231,"column":66},"end":{"line":244,"column":4}},"line":231},"6":{"name":"(anonymous_6)","decl":{"start":{"line":236,"column":60},"end":{"line":236,"column":61}},"loc":{"start":{"line":236,"column":76},"end":{"line":239,"column":6}},"line":236},"7":{"name":"(anonymous_7)","decl":{"start":{"line":239,"column":8},"end":{"line":239,"column":9}},"loc":{"start":{"line":239,"column":21},"end":{"line":243,"column":6}},"line":239},"8":{"name":"(anonymous_8)","decl":{"start":{"line":244,"column":6},"end":{"line":244,"column":7}},"loc":{"start":{"line":244,"column":19},"end":{"line":247,"column":4}},"line":244},"9":{"name":"(anonymous_9)","decl":{"start":{"line":252,"column":58},"end":{"line":252,"column":59}},"loc":{"start":{"line":252,"column":74},"end":{"line":255,"column":4}},"line":252},"10":{"name":"(anonymous_10)","decl":{"start":{"line":255,"column":6},"end":{"line":255,"column":7}},"loc":{"start":{"line":255,"column":19},"end":{"line":258,"column":4}},"line":255},"11":{"name":"(anonymous_11)","decl":{"start":{"line":262,"column":35},"end":{"line":262,"column":36}},"loc":{"start":{"line":266,"column":0},"end":{"line":316,"column":1}},"line":266},"12":{"name":"(anonymous_12)","decl":{"start":{"line":289,"column":20},"end":{"line":289,"column":21}},"loc":{"start":{"line":289,"column":45},"end":{"line":315,"column":2}},"line":289},"13":{"name":"(anonymous_13)","decl":{"start":{"line":299,"column":24},"end":{"line":299,"column":25}},"loc":{"start":{"line":299,"column":34},"end":{"line":301,"column":3}},"line":299},"14":{"name":"(anonymous_14)","decl":{"start":{"line":303,"column":24},"end":{"line":303,"column":25}},"loc":{"start":{"line":303,"column":34},"end":{"line":305,"column":3}},"line":303},"15":{"name":"(anonymous_15)","decl":{"start":{"line":307,"column":20},"end":{"line":307,"column":21}},"loc":{"start":{"line":307,"column":31},"end":{"line":309,"column":3}},"line":307},"16":{"name":"(anonymous_16)","decl":{"start":{"line":310,"column":18},"end":{"line":310,"column":19}},"loc":{"start":{"line":310,"column":36},"end":{"line":314,"column":3}},"line":310},"17":{"name":"(anonymous_17)","decl":{"start":{"line":318,"column":31},"end":{"line":318,"column":32}},"loc":{"start":{"line":318,"column":41},"end":{"line":348,"column":1}},"line":318},"18":{"name":"(anonymous_18)","decl":{"start":{"line":326,"column":30},"end":{"line":326,"column":31}},"loc":{"start":{"line":326,"column":51},"end":{"line":347,"column":5}},"line":326},"19":{"name":"(anonymous_19)","decl":{"start":{"line":340,"column":27},"end":{"line":340,"column":28}},"loc":{"start":{"line":340,"column":39},"end":{"line":342,"column":17}},"line":340},"20":{"name":"(anonymous_20)","decl":{"start":{"line":349,"column":33},"end":{"line":349,"column":34}},"loc":{"start":{"line":349,"column":44},"end":{"line":355,"column":1}},"line":349}},"branchMap":{"0":{"loc":{"start":{"line":27,"column":13},"end":{"line":30,"column":6}},"type":"default-arg","locations":[{"start":{"line":30,"column":4},"end":{"line":30,"column":6}}],"line":27},"1":{"loc":{"start":{"line":28,"column":2},"end":{"line":28,"column":28}},"type":"default-arg","locations":[{"start":{"line":28,"column":22},"end":{"line":28,"column":28}}],"line":28},"2":{"loc":{"start":{"line":29,"column":2},"end":{"line":29,"column":52}},"type":"default-arg","locations":[{"start":{"line":29,"column":20},"end":{"line":29,"column":52}}],"line":29},"3":{"loc":{"start":{"line":193,"column":42},"end":{"line":193,"column":97}},"type":"default-arg","locations":[{"start":{"line":193,"column":95},"end":{"line":193,"column":97}}],"line":193},"4":{"loc":{"start":{"line":193,"column":43},"end":{"line":193,"column":59}},"type":"default-arg","locations":[{"start":{"line":193,"column":50},"end":{"line":193,"column":59}}],"line":193},"5":{"loc":{"start":{"line":193,"column":61},"end":{"line":193,"column":78}},"type":"default-arg","locations":[{"start":{"line":193,"column":69},"end":{"line":193,"column":78}}],"line":193},"6":{"loc":{"start":{"line":193,"column":80},"end":{"line":193,"column":92}},"type":"default-arg","locations":[{"start":{"line":193,"column":90},"end":{"line":193,"column":92}}],"line":193},"7":{"loc":{"start":{"line":208,"column":1},"end":{"line":213,"column":2}},"type":"if","locations":[{"start":{"line":208,"column":1},"end":{"line":213,"column":2}},{"start":{"line":208,"column":1},"end":{"line":213,"column":2}}],"line":208},"8":{"loc":{"start":{"line":216,"column":1},"end":{"line":221,"column":2}},"type":"if","locations":[{"start":{"line":216,"column":1},"end":{"line":221,"column":2}},{"start":{"line":216,"column":1},"end":{"line":221,"column":2}}],"line":216},"9":{"loc":{"start":{"line":216,"column":5},"end":{"line":217,"column":34}},"type":"binary-expr","locations":[{"start":{"line":216,"column":6},"end":{"line":216,"column":30}},{"start":{"line":217,"column":6},"end":{"line":217,"column":33}}],"line":216},"10":{"loc":{"start":{"line":226,"column":1},"end":{"line":259,"column":2}},"type":"if","locations":[{"start":{"line":226,"column":1},"end":{"line":259,"column":2}},{"start":{"line":226,"column":1},"end":{"line":259,"column":2}}],"line":226},"11":{"loc":{"start":{"line":262,"column":44},"end":{"line":265,"column":22}},"type":"default-arg","locations":[{"start":{"line":265,"column":20},"end":{"line":265,"column":22}}],"line":262},"12":{"loc":{"start":{"line":263,"column":1},"end":{"line":263,"column":46}},"type":"default-arg","locations":[{"start":{"line":263,"column":11},"end":{"line":263,"column":46}}],"line":263},"13":{"loc":{"start":{"line":264,"column":1},"end":{"line":264,"column":28}},"type":"default-arg","locations":[{"start":{"line":264,"column":8},"end":{"line":264,"column":28}}],"line":264},"14":{"loc":{"start":{"line":264,"column":30},"end":{"line":264,"column":47}},"type":"default-arg","locations":[{"start":{"line":264,"column":38},"end":{"line":264,"column":47}}],"line":264},"15":{"loc":{"start":{"line":265,"column":1},"end":{"line":265,"column":17}},"type":"default-arg","locations":[{"start":{"line":265,"column":8},"end":{"line":265,"column":17}}],"line":265},"16":{"loc":{"start":{"line":328,"column":8},"end":{"line":345,"column":9}},"type":"if","locations":[{"start":{"line":328,"column":8},"end":{"line":345,"column":9}},{"start":{"line":328,"column":8},"end":{"line":345,"column":9}}],"line":328},"17":{"loc":{"start":{"line":335,"column":12},"end":{"line":344,"column":13}},"type":"if","locations":[{"start":{"line":335,"column":12},"end":{"line":344,"column":13}},{"start":{"line":335,"column":12},"end":{"line":344,"column":13}}],"line":335},"18":{"loc":{"start":{"line":350,"column":4},"end":{"line":354,"column":5}},"type":"if","locations":[{"start":{"line":350,"column":4},"end":{"line":354,"column":5}},{"start":{"line":350,"column":4},"end":{"line":354,"column":5}}],"line":350}},"s":{"0":1,"1":1,"2":2,"3":2,"4":2,"5":2,"6":1,"7":3,"8":3,"9":3,"10":3,"11":1,"12":0,"13":1,"14":3,"15":3,"16":2,"17":1,"18":1,"19":1,"20":1,"21":1,"22":1,"23":1,"24":1,"25":1,"26":1,"27":1,"28":1,"29":0,"30":0,"31":0,"32":0,"33":0,"34":0,"35":0,"36":0,"37":0,"38":0,"39":0,"40":0,"41":0,"42":0,"43":0,"44":1,"45":1,"46":1,"47":1,"48":1,"49":1,"50":1,"51":0,"52":1,"53":1,"54":1,"55":1,"56":1,"57":1,"58":1,"59":1,"60":1,"61":0,"62":0,"63":0,"64":0,"65":0,"66":0,"67":0,"68":0,"69":1,"70":0,"71":0,"72":0,"73":1},"f":{"0":2,"1":3,"2":0,"3":3,"4":0,"5":0,"6":0,"7":0,"8":0,"9":0,"10":0,"11":1,"12":1,"13":0,"14":1,"15":1,"16":1,"17":0,"18":0,"19":0,"20":0},"b":{"0":[0],"1":[3],"2":[3],"3":[0],"4":[0],"5":[0],"6":[0],"7":[0,0],"8":[0,0],"9":[0,0],"10":[0,0],"11":[0],"12":[1],"13":[0],"14":[0],"15":[0],"16":[0,0],"17":[0,0],"18":[0,0]},"_coverageSchema":"332fd63041d2c1bcb487cc26dd0d5f7d97098a6c","hash":"e60a8eed31c5f11df56e99f38c0db8978d35a9f2"}
}
