TN:
SF:/home/karl/Projects/timetrap_tui/dev_cycles/phase2.0/Timetrap.js
FN:16,(anonymous_0)
FN:29,(anonymous_1)
FN:59,(anonymous_2)
FN:74,(anonymous_3)
FN:232,(anonymous_4)
FN:270,(anonymous_5)
FN:275,(anonymous_6)
FN:278,(anonymous_7)
FN:283,(anonymous_8)
FN:291,(anonymous_9)
FN:294,(anonymous_10)
FN:301,(anonymous_11)
FN:322,(anonymous_12)
FN:332,(anonymous_13)
FN:336,(anonymous_14)
FN:340,(anonymous_15)
FN:343,(anonymous_16)
FN:351,(anonymous_17)
FN:361,(anonymous_18)
FN:375,(anonymous_19)
FN:384,(anonymous_20)
FNF:21
FNH:9
FNDA:2,(anonymous_0)
FNDA:4,(anonymous_1)
FNDA:4,(anonymous_2)
FNDA:4,(anonymous_3)
FNDA:0,(anonymous_4)
FNDA:0,(anonymous_5)
FNDA:0,(anonymous_6)
FNDA:0,(anonymous_7)
FNDA:0,(anonymous_8)
FNDA:0,(anonymous_9)
FNDA:0,(anonymous_10)
FNDA:2,(anonymous_11)
FNDA:2,(anonymous_12)
FNDA:0,(anonymous_13)
FNDA:2,(anonymous_14)
FNDA:2,(anonymous_15)
FNDA:2,(anonymous_16)
FNDA:0,(anonymous_17)
FNDA:0,(anonymous_18)
FNDA:0,(anonymous_19)
FNDA:0,(anonymous_20)
DA:6,1
DA:9,1
DA:10,1
DA:11,1
DA:17,2
DA:18,2
DA:19,2
DA:20,2
DA:25,1
DA:35,4
DA:38,4
DA:46,4
DA:50,4
DA:51,4
DA:59,1
DA:60,4
DA:74,1
DA:75,4
DA:83,5
DA:92,2
DA:101,1
DA:110,1
DA:122,1
DA:138,1
DA:147,1
DA:156,1
DA:166,1
DA:175,1
DA:189,1
DA:198,1
DA:208,1
DA:223,10
DA:232,1
DA:236,0
DA:238,0
DA:244,0
DA:247,0
DA:248,0
DA:251,0
DA:255,0
DA:259,0
DA:265,0
DA:268,0
DA:274,0
DA:280,0
DA:285,0
DA:290,0
DA:296,0
DA:301,1
DA:307,2
DA:309,2
DA:317,2
DA:318,2
DA:319,2
DA:322,2
DA:329,2
DA:332,2
DA:333,0
DA:336,2
DA:337,2
DA:340,2
DA:341,2
DA:343,2
DA:344,2
DA:345,2
DA:346,2
DA:351,1
DA:354,0
DA:356,0
DA:359,0
DA:361,0
DA:363,0
DA:366,0
DA:369,0
DA:375,0
DA:376,0
DA:384,1
DA:386,0
DA:388,0
DA:389,0
DA:390,0
DA:391,0
DA:395,1
LF:83
LH:53
BRDA:29,0,0,0
BRDA:30,1,0,4
BRDA:31,2,0,4
BRDA:232,3,0,0
BRDA:232,4,0,0
BRDA:232,5,0,0
BRDA:232,6,0,0
BRDA:247,7,0,0
BRDA:247,7,1,0
BRDA:255,8,0,0
BRDA:255,8,1,0
BRDA:255,9,0,0
BRDA:255,9,1,0
BRDA:265,10,0,0
BRDA:265,10,1,0
BRDA:301,11,0,0
BRDA:302,12,0,2
BRDA:303,13,0,0
BRDA:303,14,0,0
BRDA:304,15,0,0
BRDA:363,16,0,0
BRDA:363,16,1,0
BRDA:369,17,0,0
BRDA:369,17,1,0
BRDA:386,18,0,0
BRDA:386,18,1,0
BRF:26
BRH:3
end_of_record
