TN:
SF:/home/karl/Projects/timetrap_tui/dev_cycles/phase2.0/Timetrap.js
FN:14,(anonymous_0)
FN:27,(anonymous_1)
FN:41,(anonymous_2)
FN:167,(anonymous_3)
FN:205,(anonymous_4)
FN:210,(anonymous_5)
FN:213,(anonymous_6)
FN:218,(anonymous_7)
FN:226,(anonymous_8)
FN:229,(anonymous_9)
FN:236,(anonymous_10)
FN:260,(anonymous_11)
FN:270,(anonymous_12)
FN:274,(anonymous_13)
FN:278,(anonymous_14)
FN:281,(anonymous_15)
FNF:16
FNH:8
FNDA:2,(anonymous_0)
FNDA:3,(anonymous_1)
FNDA:3,(anonymous_2)
FNDA:0,(anonymous_3)
FNDA:0,(anonymous_4)
FNDA:0,(anonymous_5)
FNDA:0,(anonymous_6)
FNDA:0,(anonymous_7)
FNDA:0,(anonymous_8)
FNDA:0,(anonymous_9)
FNDA:1,(anonymous_10)
FNDA:1,(anonymous_11)
FNDA:0,(anonymous_12)
FNDA:1,(anonymous_13)
FNDA:1,(anonymous_14)
FNDA:1,(anonymous_15)
DA:6,1
DA:9,1
DA:15,2
DA:16,2
DA:17,2
DA:18,2
DA:23,1
DA:29,3
DA:32,3
DA:35,3
DA:37,3
DA:41,1
DA:42,3
DA:49,3
DA:57,2
DA:65,1
DA:73,1
DA:84,1
DA:99,1
DA:107,1
DA:115,1
DA:124,1
DA:132,1
DA:145,1
DA:153,1
DA:162,1
DA:167,1
DA:171,0
DA:173,0
DA:179,0
DA:182,0
DA:183,0
DA:186,0
DA:190,0
DA:194,0
DA:200,0
DA:203,0
DA:209,0
DA:215,0
DA:220,0
DA:225,0
DA:231,0
DA:236,1
DA:242,1
DA:244,1
DA:250,1
DA:260,1
DA:267,1
DA:270,1
DA:271,0
DA:274,1
DA:275,1
DA:278,1
DA:279,1
DA:281,1
DA:282,1
DA:283,1
DA:284,1
DA:289,1
LF:59
LH:43
BRDA:27,0,0,0
BRDA:27,1,0,3
BRDA:167,2,0,0
BRDA:167,3,0,0
BRDA:167,4,0,0
BRDA:167,5,0,0
BRDA:182,6,0,0
BRDA:182,6,1,0
BRDA:190,7,0,0
BRDA:190,7,1,0
BRDA:190,8,0,0
BRDA:190,8,1,0
BRDA:200,9,0,0
BRDA:200,9,1,0
BRDA:236,10,0,0
BRDA:237,11,0,1
BRDA:238,12,0,0
BRDA:238,13,0,0
BRDA:239,14,0,0
BRF:19
BRH:2
end_of_record
